2023-04-03 00:08:07.877161 - Initialized conversion of CBT415
2023-04-03 00:08:09.103890 - Received SBGOLOB.CBT505.FILE415 from FILE415.XMI 
2023-04-03 00:08:09.107025 - Found $$$#DATE.txt (text/plain) in SBGOLOB.CBT505.FILE415, moved to FILE415/$$$#DATE
2023-04-03 00:08:09.108221 - Found $$INTRO.txt (text/plain) in SBGOLOB.CBT505.FILE415, moved to FILE415/$$INTRO
2023-04-03 00:08:09.109656 - Found $$INTRO2.txt (text/plain) in SBGOLOB.CBT505.FILE415, moved to FILE415/$$INTRO2
2023-04-03 00:08:09.110953 - Found $$NOTE01.txt (text/plain) in SBGOLOB.CBT505.FILE415, moved to FILE415/$$NOTE01
2023-04-03 00:08:09.112078 - Found $$NOTE02.txt (text/plain) in SBGOLOB.CBT505.FILE415, moved to FILE415/$$NOTE02
2023-04-03 00:08:09.113131 - Found $$NOTE03.txt (text/plain) in SBGOLOB.CBT505.FILE415, moved to FILE415/$$NOTE03
2023-04-03 00:08:09.114127 - Found $$NOTE04.txt (text/plain) in SBGOLOB.CBT505.FILE415, moved to FILE415/$$NOTE04
2023-04-03 00:08:09.115090 - Found $$NOTE05.txt (text/plain) in SBGOLOB.CBT505.FILE415, moved to FILE415/$$NOTE05
2023-04-03 00:08:09.116227 - Found $$NOTE06.txt (text/plain) in SBGOLOB.CBT505.FILE415, moved to FILE415/$$NOTE06
2023-04-03 00:08:09.117399 - Found $$NOTE07.txt (text/plain) in SBGOLOB.CBT505.FILE415, moved to FILE415/$$NOTE07
2023-04-03 00:08:09.118388 - Found $$NOTE08.txt (text/plain) in SBGOLOB.CBT505.FILE415, moved to FILE415/$$NOTE08
2023-04-03 00:08:09.119492 - Found $$NOTE09.txt (text/plain) in SBGOLOB.CBT505.FILE415, moved to FILE415/$$NOTE09
2023-04-03 00:08:09.120622 - Found $$NOTE10.txt (text/plain) in SBGOLOB.CBT505.FILE415, moved to FILE415/$$NOTE10
2023-04-03 00:08:09.121701 - Found $$NOTE11.txt (text/plain) in SBGOLOB.CBT505.FILE415, moved to FILE415/$$NOTE11
2023-04-03 00:08:09.122658 - Found $$NOTE12.txt (text/plain) in SBGOLOB.CBT505.FILE415, moved to FILE415/$$NOTE12
2023-04-03 00:08:09.123697 - Found $$NOTE13.txt (text/plain) in SBGOLOB.CBT505.FILE415, moved to FILE415/$$NOTE13
2023-04-03 00:08:09.124716 - Found $CMDLIB.jcl (text/plain) in SBGOLOB.CBT505.FILE415, moved to FILE415/$CMDLIB
2023-04-03 00:08:09.125738 - Found $COPYHLP.jcl (text/plain) in SBGOLOB.CBT505.FILE415, moved to FILE415/$COPYHLP
2023-04-03 00:08:09.126959 - Found $COPYPNL.jcl (text/plain) in SBGOLOB.CBT505.FILE415, moved to FILE415/$COPYPNL
2023-04-03 00:08:09.130857 - De-xmi-ed $MANUAL# to CBT415/docs/$MANUAL#.pdf
2023-04-03 00:08:09.134055 - De-xmi-ed $MANUAL@ to CBT415/docs/$MANUAL@.doc
2023-04-03 00:08:09.135261 - Found $PDSHELP.jcl (text/plain) in SBGOLOB.CBT505.FILE415, moved to FILE415/$PDSHELP
2023-04-03 00:08:09.136449 - Found $PDSLOAD.jcl (text/plain) in SBGOLOB.CBT505.FILE415, moved to FILE415/$PDSLOAD
2023-04-03 00:08:09.137848 - Found $PDSPNL.jcl (text/plain) in SBGOLOB.CBT505.FILE415, moved to FILE415/$PDSPNL
2023-04-03 00:08:09.139196 - Found $PROFILE.jcl (text/plain) in SBGOLOB.CBT505.FILE415, moved to FILE415/$PROFILE
2023-04-03 00:08:09.140307 - Found $RECVLD.jcl (text/plain) in SBGOLOB.CBT505.FILE415, moved to FILE415/$RECVLD
2023-04-03 00:08:09.141566 - Found @FILE415.txt (text/plain) in SBGOLOB.CBT505.FILE415, moved to FILE415/@FILE415
2023-04-03 00:08:09.142698 - Found @INSTALL.txt (text/plain) in SBGOLOB.CBT505.FILE415, moved to FILE415/@INSTALL
2023-04-03 00:08:09.142712 - Found ASM.bin containing application/octet-stream, moved to FILE415/ASM
2023-04-03 00:08:09.149999 - Found ASMFOREG.txt (text/plain) in SBGOLOB.CBT505.FILE415, moved to FILE415/ASMFOREG
2023-04-03 00:08:09.151435 - Found HELP.txt (text/plain) in SBGOLOB.CBT505.FILE415, moved to FILE415/HELP
2023-04-03 00:08:09.152842 - Found JCL.txt (text/plain) in SBGOLOB.CBT505.FILE415, moved to FILE415/JCL
2023-04-03 00:08:09.249480 - Found LOADXMI.xmi (application/xmit) in SBGOLOB.CBT505.FILE415
2023-04-03 00:08:09.312743   - Received RECFM=U data, stored XMIT file as CBT415/LOADXMI.xmi
2023-04-03 00:08:09.407595 - Found LOADXMIM.xmi (application/xmit) in SBGOLOB.CBT505.FILE415
2023-04-03 00:08:09.476652   - Received RECFM=U data, stored XMIT file as CBT415/LOADXMIM.xmi
2023-04-03 00:08:09.477753 - Found PANELS.txt (text/plain) in SBGOLOB.CBT505.FILE415, moved to FILE415/PANELS
2023-04-03 00:08:09.478798 - Found SYS1MAC.txt (text/plain) in SBGOLOB.CBT505.FILE415, moved to FILE415/SYS1MAC
